  decoder.cpp
  encoder.cpp
  image_iterator.cpp
  lodepng.cpp
C:\Users\Torta\Documents\Turtle WoW\Server\tga-converter\lodepng.cpp(712,54): warning C4334: '<<': result of 32-bit shift implicitly converted to 64 bits (was 64-bit shift intended?)
C:\Users\Torta\Documents\Turtle WoW\Server\tga-converter\lodepng.cpp(730,35): warning C4267: '=': conversion from 'size_t' to 'unsigned short', possible loss of data
C:\Users\Torta\Documents\Turtle WoW\Server\tga-converter\lodepng.cpp(731,39): warning C4334: '<<': result of 32-bit shift implicitly converted to 64 bits (was 64-bit shift intended?)
C:\Users\Torta\Documents\Turtle WoW\Server\tga-converter\lodepng.cpp(754,37): warning C4267: '=': conversion from 'size_t' to 'unsigned short', possible loss of data
C:\Users\Torta\Documents\Turtle WoW\Server\tga-converter\lodepng.cpp(771,38): warning C4267: '=': conversion from 'size_t' to 'unsigned short', possible loss of data
C:\Users\Torta\Documents\Turtle WoW\Server\tga-converter\lodepng.cpp(3728,78): warning C4267: 'argument': conversion from 'size_t' to 'unsigned int', possible loss of data
C:\Users\Torta\Documents\Turtle WoW\Server\tga-converter\lodepng.cpp(4731,33): warning C4267: '=': conversion from 'size_t' to 'unsigned int', possible loss of data
C:\Users\Torta\Documents\Turtle WoW\Server\tga-converter\lodepng.cpp(4953,60): warning C4267: 'argument': conversion from 'size_t' to 'unsigned int', possible loss of data
C:\Users\Torta\Documents\Turtle WoW\Server\tga-converter\lodepng.cpp(4958,83): warning C4267: 'argument': conversion from 'size_t' to 'unsigned int', possible loss of data
C:\Users\Torta\Documents\Turtle WoW\Server\tga-converter\lodepng.cpp(4959,94): warning C4267: 'argument': conversion from 'size_t' to 'unsigned int', possible loss of data
C:\Users\Torta\Documents\Turtle WoW\Server\tga-converter\lodepng.cpp(4960,83): warning C4267: 'argument': conversion from 'size_t' to 'unsigned int', possible loss of data
C:\Users\Torta\Documents\Turtle WoW\Server\tga-converter\lodepng.cpp(4961,94): warning C4267: 'argument': conversion from 'size_t' to 'unsigned int', possible loss of data
C:\Users\Torta\Documents\Turtle WoW\Server\tga-converter\lodepng.cpp(4962,83): warning C4267: 'argument': conversion from 'size_t' to 'unsigned int', possible loss of data
C:\Users\Torta\Documents\Turtle WoW\Server\tga-converter\lodepng.cpp(4963,94): warning C4267: 'argument': conversion from 'size_t' to 'unsigned int', possible loss of data
C:\Users\Torta\Documents\Turtle WoW\Server\tga-converter\lodepng.cpp(4964,78): warning C4267: 'argument': conversion from 'size_t' to 'unsigned int', possible loss of data
C:\Users\Torta\Documents\Turtle WoW\Server\tga-converter\lodepng.cpp(5155,3): warning C4267: 'argument': conversion from 'size_t' to 'unsigned int', possible loss of data
C:\Users\Torta\Documents\Turtle WoW\Server\tga-converter\lodepng.cpp(5179,7): warning C4267: 'argument': conversion from 'size_t' to 'unsigned int', possible loss of data
C:\Users\Torta\Documents\Turtle WoW\Server\tga-converter\lodepng.cpp(5213,62): warning C4267: 'argument': conversion from 'size_t' to 'unsigned int', possible loss of data
C:\Users\Torta\Documents\Turtle WoW\Server\tga-converter\lodepng.cpp(5230,3): warning C4267: 'argument': conversion from 'size_t' to 'unsigned int', possible loss of data
C:\Users\Torta\Documents\Turtle WoW\Server\tga-converter\lodepng.cpp(5252,57): warning C4267: 'argument': conversion from 'size_t' to 'unsigned int', possible loss of data
C:\Users\Torta\Documents\Turtle WoW\Server\tga-converter\lodepng.cpp(5283,57): warning C4267: 'argument': conversion from 'size_t' to 'unsigned int', possible loss of data
C:\Users\Torta\Documents\Turtle WoW\Server\tga-converter\lodepng.cpp(5396,57): warning C4267: 'argument': conversion from 'size_t' to 'unsigned int', possible loss of data
C:\Users\Torta\Documents\Turtle WoW\Server\tga-converter\lodepng.cpp(5474,33): warning C4334: '<<': result of 32-bit shift implicitly converted to 64 bits (was 64-bit shift intended?)
  main.cpp
  stdio.cpp
  Generating Code...
  tga-converter.vcxproj -> C:\Users\Torta\Documents\Turtle WoW\Server\tga-converter\x64\Debug\tga-converter.exe
